<?xml version="1.0" encoding="UTF-8"?>
<!-- Generated by org.testng.reporters.JUnitReportReporter -->
<testsuite hostname="Jyothi" failures="0" tests="3" name="cucumberoptions.TestNgTestRunner" time="45.241" errors="0" timestamp="2022-12-24T19:08:46 IST" skipped="0">
  <testcase classname="cucumberoptions.TestNgTestRunner" name="runScenario" time="15.046"/>
  <system-out/>
  <testcase classname="cucumberoptions.TestNgTestRunner" name="runScenario" time="15.046"/>
  <system-out/>
  <testcase classname="cucumberoptions.TestNgTestRunner" name="runScenario" time="15.149"/>
  <system-out/>
</testsuite> <!-- cucumberoptions.TestNgTestRunner -->
