<?xml version="1.0" encoding="UTF-8"?>
<!-- Generated by org.testng.reporters.JUnitReportReporter -->
<testsuite hostname="Jyothi" failures="0" tests="3" name="cucumberoptions.TestNgTestRunner" time="46.744" errors="0" timestamp="2022-12-24T20:47:17 IST" skipped="0">
  <testcase classname="cucumberoptions.TestNgTestRunner" name="runScenario" time="14.856"/>
  <system-out/>
  <testcase classname="cucumberoptions.TestNgTestRunner" name="runScenario" time="15.928"/>
  <system-out/>
  <testcase classname="cucumberoptions.TestNgTestRunner" name="runScenario" time="15.960"/>
  <system-out/>
</testsuite> <!-- cucumberoptions.TestNgTestRunner -->
